<?xml version="1.0" encoding="UTF-8"?>
<testng-results skipped="0" failed="1" total="2" passed="1">
  <reporter-output>
  </reporter-output>
  <suite name="Suite" duration-ms="12955" started-at="2018-03-30T18:05:51Z" finished-at="2018-03-30T18:06:04Z">
    <groups>
    </groups>
    <test name="Test" duration-ms="12955" started-at="2018-03-30T18:05:51Z" finished-at="2018-03-30T18:06:04Z">
      <class name="TestCases.SecondTest">
        <test-method status="PASS" signature="testSecond()[pri:0, instance:TestCases.SecondTest@25bbe1b6]" name="testSecond" duration-ms="5605" started-at="2018-03-30T23:35:58Z" finished-at="2018-03-30T23:36:04Z">
          <reporter-output>
          </reporter-output>
        </test-method> <!-- testSecond -->
      </class> <!-- TestCases.SecondTest -->
      <class name="TestCases.FirstTest">
        <test-method status="FAIL" signature="test1()[pri:0, instance:TestCases.FirstTest@20322d26]" name="test1" duration-ms="6833" started-at="2018-03-30T23:35:51Z" finished-at="2018-03-30T23:35:58Z">
          <exception class="java.lang.AssertionError">
            <message>
              <![CDATA[expected [H] but found [Hi]]]>
            </message>
            <full-stacktrace>
              <![CDATA[java.lang.AssertionError: expected [H] but found [Hi]
	at org.testng.Assert.fail(Assert.java:94)
	at org.testng.Assert.failNotEquals(Assert.java:494)
	at org.testng.Assert.assertEquals(Assert.java:123)
	at org.testng.Assert.assertEquals(Assert.java:176)
	at org.testng.Assert.assertEquals(Assert.java:186)
	at TestCases.FirstTest.test1(FirstTest.java:28)
	at sun.reflect.NativeMethodAccessorImpl.invoke0(Native Method)
	at sun.reflect.NativeMethodAccessorImpl.invoke(Unknown Source)
	at sun.reflect.DelegatingMethodAccessorImpl.invoke(Unknown Source)
	at java.lang.reflect.Method.invoke(Unknown Source)
	at org.testng.internal.MethodInvocationHelper.invokeMethod(MethodInvocationHelper.java:80)
	at org.testng.internal.Invoker.invokeMethod(Invoker.java:714)
	at org.testng.internal.Invoker.invokeTestMethod(Invoker.java:901)
	at org.testng.internal.Invoker.invokeTestMethods(Invoker.java:1231)
	at org.testng.internal.TestMethodWorker.invokeTestMethods(TestMethodWorker.java:127)
	at org.testng.internal.TestMethodWorker.run(TestMethodWorker.java:111)
	at org.testng.TestRunner.privateRun(TestRunner.java:767)
	at org.testng.TestRunner.run(TestRunner.java:617)
	at org.testng.SuiteRunner.runTest(SuiteRunner.java:334)
	at org.testng.SuiteRunner.runSequentially(SuiteRunner.java:329)
	at org.testng.SuiteRunner.privateRun(SuiteRunner.java:291)
	at org.testng.SuiteRunner.run(SuiteRunner.java:240)
	at org.testng.SuiteRunnerWorker.runSuite(SuiteRunnerWorker.java:52)
	at org.testng.SuiteRunnerWorker.run(SuiteRunnerWorker.java:86)
	at org.testng.TestNG.runSuitesSequentially(TestNG.java:1198)
	at org.testng.TestNG.runSuitesLocally(TestNG.java:1123)
	at org.testng.TestNG.run(TestNG.java:1031)
	at org.testng.remote.AbstractRemoteTestNG.run(AbstractRemoteTestNG.java:114)
	at org.testng.remote.RemoteTestNG.initAndRun(RemoteTestNG.java:251)
	at org.testng.remote.RemoteTestNG.main(RemoteTestNG.java:77)
]]>
            </full-stacktrace>
          </exception> <!-- java.lang.AssertionError -->
          <reporter-output>
          </reporter-output>
        </test-method> <!-- test1 -->
      </class> <!-- TestCases.FirstTest -->
      <class name="Utilities.TestBase">
        <test-method status="PASS" signature="setUp()[pri:0, instance:Utilities.TestBase@10bdf5e5]" name="setUp" is-config="true" duration-ms="13236" started-at="2018-03-30T23:35:38Z" finished-at="2018-03-30T23:35:51Z">
          <reporter-output>
          </reporter-output>
        </test-method> <!-- setUp -->
        <test-method status="PASS" signature="cleanUp()[pri:0, instance:Utilities.TestBase@10bdf5e5]" name="cleanUp" is-config="true" duration-ms="733" started-at="2018-03-30T23:36:04Z" finished-at="2018-03-30T23:36:05Z">
          <reporter-output>
          </reporter-output>
        </test-method> <!-- cleanUp -->
      </class> <!-- Utilities.TestBase -->
    </test> <!-- Test -->
  </suite> <!-- Suite -->
</testng-results>
